Fri 10 Mar 2023 12:05:04 PM UTC: 
 exercises.c | 4 ++++
 1 file changed, 4 insertions(+)
 tests:  1|6
total_score: 10/70
240194f
Fri 10 Mar 2023 12:16:19 PM UTC: 
 exercises.c | 18 ++++++++++++++++--
 1 file changed, 16 insertions(+), 2 deletions(-)
In file included from test.c:5:
exercises.c: In function ‘cmp’:
exercises.c:36:12: error: ‘return’ with a value, in function returning void [-Werror=return-type]
   36 |     return 1;
      |            ^
exercises.c:29:6: note: declared here
   29 | void cmp(const void *Pv, const void *El)
      |      ^~~
exercises.c:38:10: error: ‘return’ with a value, in function returning void [-Werror=return-type]
   38 |   return 0;
      |          ^
exercises.c:29:6: note: declared here
   29 | void cmp(const void *Pv, const void *El)
      |      ^~~
exercises.c: In function ‘arrayMaxMin’:
exercises.c:42:25: error: passing argument 4 of ‘qsort’ from incompatible pointer type [-Werror=incompatible-pointer-types]
   42 |   qsort(a,n,sizeof(int),cmp);
      |                         ^~~
      |                         |
      |                         void (*)(const void *, const void *)
In file included from test.c:2:
/nix/store/4pqv2mwdn88h7xvsm7a5zplrd8sxzvw0-glibc-2.35-163-dev/include/stdlib.h:839:34: note: expected ‘__compar_fn_t’ {aka ‘int (*)(const void *, const void *)’} but argument is of type ‘void (*)(const void *, const void *)’
  839 |                    __compar_fn_t __compar) __nonnull ((1, 4));
      |                    ~~~~~~~~~~~~~~^~~~~~~~
cc1: all warnings being treated as errors
Compilation failed
712a203
Fri 10 Mar 2023 12:16:37 PM UTC: 
 exercises.c | 2 +-
 1 file changed, 1 insertion(+), 1 deletion(-)
 tests:  2|5
total_score: 20/70
530483c
Sat 11 Mar 2023 04:23:24 PM UTC: 
 tests:  2|5
total_score: 20/70
457bf7d
Fri 17 Mar 2023 11:23:03 AM UTC: 
 exercises.c | 2 +-
 1 file changed, 1 insertion(+), 1 deletion(-)
In file included from test.c:5:
exercises.c: In function ‘crearPersona’:
exercises.c:65:21: error: ‘p’ is a pointer; did you mean to use ‘->’?
   65 |   scanf("%s[29\n]",p.nombre);
      |                     ^
      |                     ->
Compilation failed
4a715d0
Fri 17 Mar 2023 11:23:19 AM UTC: 
 exercises.c | 2 +-
 1 file changed, 1 insertion(+), 1 deletion(-)
In file included from test.c:5:
exercises.c: In function ‘crearPersona’:
exercises.c:65:3: error: ignoring return value of ‘scanf’ declared with attribute ‘warn_unused_result’ [-Werror=unused-result]
   65 |   scanf("%s[29\n]",p -> nombre);
      |   ^~~~~~~~~~~~~~~~~~~~~~~~~~~~~
cc1: all warnings being treated as errors
Compilation failed
8bb3d95
Fri 17 Mar 2023 11:24:02 AM UTC: 
 exercises.c | 2 +-
 1 file changed, 1 insertion(+), 1 deletion(-)
In file included from test.c:5:
exercises.c: In function ‘crearPersona’:
exercises.c:65:3: error: ignoring return value of ‘scanf’ declared with attribute ‘warn_unused_result’ [-Werror=unused-result]
   65 |   scanf("%c[29\n]",p -> nombre);
      |   ^~~~~~~~~~~~~~~~~~~~~~~~~~~~~
cc1: all warnings being treated as errors
Compilation failed
f25f438
Fri 17 Mar 2023 11:24:37 AM UTC: 
 exercises.c | 2 +-
 1 file changed, 1 insertion(+), 1 deletion(-)
In file included from test.c:5:
exercises.c: In function ‘crearPersona’:
exercises.c:65:22: error: ‘p’ is a pointer; did you mean to use ‘->’?
   65 |   scanf("%s[29\n]",&p.nombre);
      |                      ^
      |                      ->
Compilation failed
0274f11
Fri 17 Mar 2023 11:24:50 AM UTC: 
 exercises.c | 2 +-
 1 file changed, 1 insertion(+), 1 deletion(-)
In file included from test.c:5:
exercises.c: In function ‘crearPersona’:
exercises.c:65:11: error: format ‘%s’ expects argument of type ‘char *’, but argument 2 has type ‘char (*)[30]’ [-Werror=format=]
   65 |   scanf("%s[29\n]",&p->nombre);
      |          ~^        ~~~~~~~~~~
      |           |        |
      |           char *   char (*)[30]
exercises.c:65:3: error: ignoring return value of ‘scanf’ declared with attribute ‘warn_unused_result’ [-Werror=unused-result]
   65 |   scanf("%s[29\n]",&p->nombre);
      |   ^~~~~~~~~~~~~~~~~~~~~~~~~~~~
cc1: all warnings being treated as errors
Compilation failed
734af9e
Fri 17 Mar 2023 11:28:12 AM UTC: 
 exercises.c | 4 +++-
 1 file changed, 3 insertions(+), 1 deletion(-)
In file included from test.c:5:
exercises.c: In function ‘crearPersona’:
exercises.c:65:11: error: format ‘%s’ expects argument of type ‘char *’, but argument 2 has type ‘int’ [-Werror=format=]
   65 |   scanf("%s[29\n]",*p->nombre);
      |          ~^        ~~~~~~~~~~
      |           |        |
      |           char *   int
exercises.c:67:11: error: format ‘%s’ expects argument of type ‘char *’, but argument 2 has type ‘int’ [-Werror=format=]
   67 |   scanf("%s[10\n]",*p->rut);
      |          ~^        ~~~~~~~
      |           |        |
      |           char *   int
exercises.c:65:3: error: ignoring return value of ‘scanf’ declared with attribute ‘warn_unused_result’ [-Werror=unused-result]
   65 |   scanf("%s[29\n]",*p->nombre);
      |   ^~~~~~~~~~~~~~~~~~~~~~~~~~~~
exercises.c:67:3: error: ignoring return value of ‘scanf’ declared with attribute ‘warn_unused_result’ [-Werror=unused-result]
   67 |   scanf("%s[10\n]",*p->rut);
      |   ^~~~~~~~~~~~~~~~~~~~~~~~~
exercises.c:65:20: error: ‘*p.nombre[0]’ is used uninitialized [-Werror=uninitialized]
   65 |   scanf("%s[29\n]",*p->nombre);
      |                    ^~~~~~~~~~
cc1: all warnings being treated as errors
Compilation failed
a7df272
Fri 17 Mar 2023 11:28:48 AM UTC: 
 exercises.c | 4 ++--
 1 file changed, 2 insertions(+), 2 deletions(-)
In file included from test.c:5:
exercises.c: In function ‘crearPersona’:
exercises.c:65:25: error: invalid type argument of ‘->’ (have ‘Persona’)
   65 |   scanf("%s[29\n]",*p[0]->nombre);
      |                         ^~
exercises.c:67:25: error: invalid type argument of ‘->’ (have ‘Persona’)
   67 |   scanf("%s[10\n]",*p[0]->rut);
      |                         ^~
Compilation failed
71942dc
Fri 17 Mar 2023 11:29:00 AM UTC: 
 exercises.c | 4 ++--
 1 file changed, 2 insertions(+), 2 deletions(-)
In file included from test.c:5:
exercises.c: In function ‘crearPersona’:
exercises.c:65:11: error: format ‘%s’ expects argument of type ‘char *’, but argument 2 has type ‘int’ [-Werror=format=]
   65 |   scanf("%s[29\n]",*p[0].nombre);
      |          ~^        ~~~~~~~~~~~~
      |           |        |
      |           char *   int
exercises.c:67:11: error: format ‘%s’ expects argument of type ‘char *’, but argument 2 has type ‘int’ [-Werror=format=]
   67 |   scanf("%s[10\n]",*p[0].rut);
      |          ~^        ~~~~~~~~~
      |           |        |
      |           char *   int
exercises.c:65:3: error: ignoring return value of ‘scanf’ declared with attribute ‘warn_unused_result’ [-Werror=unused-result]
   65 |   scanf("%s[29\n]",*p[0].nombre);
      |   ^~~~~~~~~~~~~~~~~~~~~~~~~~~~~~
exercises.c:67:3: error: ignoring return value of ‘scanf’ declared with attribute ‘warn_unused_result’ [-Werror=unused-result]
   67 |   scanf("%s[10\n]",*p[0].rut);
      |   ^~~~~~~~~~~~~~~~~~~~~~~~~~~
exercises.c:65:20: error: ‘*p.nombre[0]’ is used uninitialized [-Werror=uninitialized]
   65 |   scanf("%s[29\n]",*p[0].nombre);
      |                    ^~~~~~~~~~~~
cc1: all warnings being treated as errors
Compilation failed
0829bf4
Fri 17 Mar 2023 11:29:22 AM UTC: 
 exercises.c | 5 +++--
 1 file changed, 3 insertions(+), 2 deletions(-)
In file included from test.c:5:
exercises.c: In function ‘crearPersona’:
exercises.c:65:3: error: ignoring return value of ‘scanf’ declared with attribute ‘warn_unused_result’ [-Werror=unused-result]
   65 |   scanf("%s[29\n]",p[0].nombre);
      |   ^~~~~~~~~~~~~~~~~~~~~~~~~~~~~
exercises.c:67:3: error: ignoring return value of ‘scanf’ declared with attribute ‘warn_unused_result’ [-Werror=unused-result]
   67 |   scanf("%s[10\n]",p[0].rut);
      |   ^~~~~~~~~~~~~~~~~~~~~~~~~~
cc1: all warnings being treated as errors
Compilation failed
98ae3d0
Fri 17 Mar 2023 11:29:43 AM UTC: 
 exercises.c | 4 ++--
 1 file changed, 2 insertions(+), 2 deletions(-)
In file included from test.c:5:
exercises.c: In function ‘crearPersona’:
exercises.c:65:11: error: format ‘%s’ expects argument of type ‘char *’, but argument 2 has type ‘char (*)[30]’ [-Werror=format=]
   65 |   scanf("%s[29\n]",&p[0].nombre);
      |          ~^        ~~~~~~~~~~~~
      |           |        |
      |           char *   char (*)[30]
exercises.c:67:11: error: format ‘%s’ expects argument of type ‘char *’, but argument 2 has type ‘char (*)[11]’ [-Werror=format=]
   67 |   scanf("%s[10\n]",&p[0].rut);
      |          ~^        ~~~~~~~~~
      |           |        |
      |           char *   char (*)[11]
exercises.c:65:3: error: ignoring return value of ‘scanf’ declared with attribute ‘warn_unused_result’ [-Werror=unused-result]
   65 |   scanf("%s[29\n]",&p[0].nombre);
      |   ^~~~~~~~~~~~~~~~~~~~~~~~~~~~~~
exercises.c:67:3: error: ignoring return value of ‘scanf’ declared with attribute ‘warn_unused_result’ [-Werror=unused-result]
   67 |   scanf("%s[10\n]",&p[0].rut);
      |   ^~~~~~~~~~~~~~~~~~~~~~~~~~~
cc1: all warnings being treated as errors
Compilation failed
8bce6ac
Fri 17 Mar 2023 11:30:24 AM UTC: 
 exercises.c | 5 +++--
 1 file changed, 3 insertions(+), 2 deletions(-)
In file included from test.c:5:
exercises.c: In function ‘crearPersona’:
exercises.c:69:11: error: format ‘%i’ expects argument of type ‘int *’, but argument 2 has type ‘int’ [-Werror=format=]
   69 |   scanf("%i",p[0].edad);
      |          ~^  ~~~~~~~~~
      |           |      |
      |           int *  int
exercises.c:65:3: error: ignoring return value of ‘scanf’ declared with attribute ‘warn_unused_result’ [-Werror=unused-result]
   65 |   scanf("%s[29\n]",p[0].nombre);
      |   ^~~~~~~~~~~~~~~~~~~~~~~~~~~~~
exercises.c:67:3: error: ignoring return value of ‘scanf’ declared with attribute ‘warn_unused_result’ [-Werror=unused-result]
   67 |   scanf("%s[10\n]",p[0].rut);
      |   ^~~~~~~~~~~~~~~~~~~~~~~~~~
exercises.c:69:3: error: ignoring return value of ‘scanf’ declared with attribute ‘warn_unused_result’ [-Werror=unused-result]
   69 |   scanf("%i",p[0].edad);
      |   ^~~~~~~~~~~~~~~~~~~~~
cc1: all warnings being treated as errors
Compilation failed
c1ef3d7
Fri 17 Mar 2023 11:34:56 AM UTC: 
 exercises.c | 9 ++++-----
 1 file changed, 4 insertions(+), 5 deletions(-)
In file included from test.c:5:
exercises.c: In function ‘crearPersona’:
exercises.c:67:10: error: passing argument 1 of ‘strcpy’ makes pointer from integer without a cast [-Werror=int-conversion]
   67 |   strcpy(edad,p[0].edad);
      |          ^~~~
      |          |
      |          int
In file included from /nix/store/4pqv2mwdn88h7xvsm7a5zplrd8sxzvw0-glibc-2.35-163-dev/include/features.h:490,
                 from /nix/store/4pqv2mwdn88h7xvsm7a5zplrd8sxzvw0-glibc-2.35-163-dev/include/bits/libc-header-start.h:33,
                 from /nix/store/4pqv2mwdn88h7xvsm7a5zplrd8sxzvw0-glibc-2.35-163-dev/include/stdio.h:27,
                 from test.c:1:
/nix/store/4pqv2mwdn88h7xvsm7a5zplrd8sxzvw0-glibc-2.35-163-dev/include/bits/string_fortified.h:77:1: note: expected ‘char * restrict’ but argument is of type ‘int’
   77 | __NTH (strcpy (char *__restrict __dest, const char *__restrict __src))
      | ^~~~~
In file included from test.c:5:
exercises.c:67:19: error: passing argument 2 of ‘strcpy’ makes pointer from integer without a cast [-Werror=int-conversion]
   67 |   strcpy(edad,p[0].edad);
      |               ~~~~^~~~~
      |                   |
      |                   int
In file included from /nix/store/4pqv2mwdn88h7xvsm7a5zplrd8sxzvw0-glibc-2.35-163-dev/include/features.h:490,
                 from /nix/store/4pqv2mwdn88h7xvsm7a5zplrd8sxzvw0-glibc-2.35-163-dev/include/bits/libc-header-start.h:33,
                 from /nix/store/4pqv2mwdn88h7xvsm7a5zplrd8sxzvw0-glibc-2.35-163-dev/include/stdio.h:27,
                 from test.c:1:
/nix/store/4pqv2mwdn88h7xvsm7a5zplrd8sxzvw0-glibc-2.35-163-dev/include/bits/string_fortified.h:77:1: note: expected ‘const char * restrict’ but argument is of type ‘int’
   77 | __NTH (strcpy (char *__restrict __dest, const char *__restrict __src))
      | ^~~~~
In file included from test.c:5:
exercises.c: In function ‘crearVector’:
exercises.c:87:4: error: expected expression before ‘return’
   87 |    return NULL;
      |    ^~~~~~
exercises.c:86:11: error: unused variable ‘Vc’ [-Werror=unused-variable]
   86 |   Vector *Vc =
      |           ^~
exercises.c:88:1: error: control reaches end of non-void function [-Werror=return-type]
   88 | }
      | ^
cc1: all warnings being treated as errors
Compilation failed
1cff7e0
Fri 17 Mar 2023 11:36:06 AM UTC: 
 exercises.c | 2 +-
 1 file changed, 1 insertion(+), 1 deletion(-)
In file included from test.c:5:
exercises.c: In function ‘crearVector’:
exercises.c:87:4: error: expected expression before ‘return’
   87 |    return NULL;
      |    ^~~~~~
exercises.c:86:11: error: unused variable ‘Vc’ [-Werror=unused-variable]
   86 |   Vector *Vc =
      |           ^~
exercises.c:88:1: error: control reaches end of non-void function [-Werror=return-type]
   88 | }
      | ^
cc1: all warnings being treated as errors
Compilation failed
c9fe190
Fri 17 Mar 2023 11:36:17 AM UTC: 
 exercises.c | 2 +-
 1 file changed, 1 insertion(+), 1 deletion(-)
 tests:  0|0
59af5db
Fri 17 Mar 2023 11:37:17 AM UTC: 
 exercises.c | 6 +++---
 1 file changed, 3 insertions(+), 3 deletions(-)
In file included from test.c:5:
exercises.c: In function ‘crearPersona’:
exercises.c:65:18: error: ‘p’ is a pointer; did you mean to use ‘->’?
   65 |   strcpy(nombre,p.nombre);
      |                  ^
      |                  ->
exercises.c:66:15: error: ‘p’ is a pointer; did you mean to use ‘->’?
   66 |   strcpy(rut,p.rut);
      |               ^
      |               ->
exercises.c:67:4: error: ‘p’ is a pointer; did you mean to use ‘->’?
   67 |   p.edad = edad;
      |    ^
      |    ->
Compilation failed
864c01f
Fri 17 Mar 2023 11:37:30 AM UTC: 
 exercises.c | 6 +++---
 1 file changed, 3 insertions(+), 3 deletions(-)
 tests:  0|0
d173188
Fri 17 Mar 2023 11:38:47 AM UTC: 
 exercises.c | 6 +++---
 1 file changed, 3 insertions(+), 3 deletions(-)
In file included from test.c:5:
exercises.c: In function ‘crearVector’:
exercises.c:87:4: error: expected expression before ‘return’
   87 |    return NULL;
      |    ^~~~~~
exercises.c:86:11: error: unused variable ‘Vc’ [-Werror=unused-variable]
   86 |   Vector *Vc =
      |           ^~
exercises.c:88:1: error: control reaches end of non-void function [-Werror=return-type]
   88 | }
      | ^
cc1: all warnings being treated as errors
Compilation failed
98bef30
Fri 17 Mar 2023 11:38:54 AM UTC: 
 exercises.c | 2 +-
 1 file changed, 1 insertion(+), 1 deletion(-)
 tests:  3|4
total_score: 30/70
68f2ee8
Fri 17 Mar 2023 11:39:15 AM UTC: 
 exercises.c | 4 ++--
 1 file changed, 2 insertions(+), 2 deletions(-)
In file included from test.c:5:
exercises.c: In function ‘crearPersona’:
exercises.c:65:14: error: invalid type argument of ‘->’ (have ‘Persona’)
   65 |   strcpy(p[0]->nombre,nombre);
      |              ^~
exercises.c:66:14: error: invalid type argument of ‘->’ (have ‘Persona’)
   66 |   strcpy(p[0]->rut,rut);
      |              ^~
Compilation failed
3efede0
Fri 17 Mar 2023 11:39:28 AM UTC: 
 exercises.c | 2 +-
 1 file changed, 1 insertion(+), 1 deletion(-)
In file included from test.c:5:
exercises.c: In function ‘crearPersona’:
exercises.c:65:14: error: invalid type argument of ‘->’ (have ‘Persona’)
   65 |   strcpy(p[0]->nombre,nombre);
      |              ^~
exercises.c:66:14: error: invalid type argument of ‘->’ (have ‘Persona’)
   66 |   strcpy(p[0]->rut,rut);
      |              ^~
exercises.c:67:7: error: invalid type argument of ‘->’ (have ‘Persona’)
   67 |   p[0]->edad = edad;
      |       ^~
Compilation failed
604e367
Fri 17 Mar 2023 11:39:59 AM UTC: 
 exercises.c | 6 +++---
 1 file changed, 3 insertions(+), 3 deletions(-)
 tests:  3|4
total_score: 30/70
0911adf
Fri 17 Mar 2023 11:41:02 AM UTC: 
 exercises.c | 2 +-
 1 file changed, 1 insertion(+), 1 deletion(-)
In file included from test.c:5:
exercises.c: In function ‘crearVector’:
exercises.c:86:25: error: too few arguments to function ‘calloc’
   86 |   Vector *Vc = (Vector*)calloc(sizeof(Vector));
      |                         ^~~~~~
In file included from test.c:2:
/nix/store/4pqv2mwdn88h7xvsm7a5zplrd8sxzvw0-glibc-2.35-163-dev/include/stdlib.h:543:14: note: declared here
  543 | extern void *calloc (size_t __nmemb, size_t __size)
      |              ^~~~~~
In file included from test.c:5:
exercises.c:86:11: error: unused variable ‘Vc’ [-Werror=unused-variable]
   86 |   Vector *Vc = (Vector*)calloc(sizeof(Vector));
      |           ^~
cc1: all warnings being treated as errors
Compilation failed
f240ddc
Fri 17 Mar 2023 11:41:43 AM UTC: 
 exercises.c | 2 +-
 1 file changed, 1 insertion(+), 1 deletion(-)
In file included from test.c:5:
exercises.c: In function ‘crearVector’:
exercises.c:86:11: error: unused variable ‘Vc’ [-Werror=unused-variable]
   86 |   Vector *Vc = (Vector*)calloc(n,sizeof(Vector));
      |           ^~
cc1: all warnings being treated as errors
Compilation failed
150de77
Fri 17 Mar 2023 11:42:29 AM UTC: 
 exercises.c | 4 ++++
 1 file changed, 4 insertions(+)
 tests:  3|4
total_score: 30/70
108590b
Fri 17 Mar 2023 11:43:16 AM UTC: 
 exercises.c | 2 +-
 1 file changed, 1 insertion(+), 1 deletion(-)
 tests:  3|4
total_score: 30/70
d4d4065
Fri 17 Mar 2023 11:52:47 AM UTC: 
 exercises.c | 7 ++++++-
 1 file changed, 6 insertions(+), 1 deletion(-)
 tests:  3|4
total_score: 30/70
08ed4b2
Fri 17 Mar 2023 11:54:44 AM UTC: 
 exercises.c | 6 +++---
 1 file changed, 3 insertions(+), 3 deletions(-)
In file included from test.c:5:
exercises.c: In function ‘crearVector’:
exercises.c:87:10: error: invalid operands to binary == (have ‘Vector’ and ‘void *’)
   87 |   if(*Vc == NULL)
      |      ~~~ ^~
      |      |
      |      Vector
exercises.c:91:14: error: assignment to ‘int’ from ‘void *’ makes integer from pointer without a cast [-Werror=int-conversion]
   91 |   *Vc->datos = calloc(n,sizeof(int));
      |              ^
exercises.c:92:17: error: comparison between pointer and integer [-Werror]
   92 |   if(*Vc->datos == NULL)
      |                 ^~
cc1: all warnings being treated as errors
Compilation failed
e8c615f
Fri 17 Mar 2023 11:54:53 AM UTC: 
 exercises.c | 2 +-
 1 file changed, 1 insertion(+), 1 deletion(-)
In file included from test.c:5:
exercises.c: In function ‘crearVector’:
exercises.c:87:10: error: invalid operands to binary == (have ‘Vector’ and ‘void *’)
   87 |   if(*Vc == NULL)
      |      ~~~ ^~
      |      |
      |      Vector
exercises.c:91:14: error: assignment to ‘int’ from ‘void *’ makes integer from pointer without a cast [-Werror=int-conversion]
   91 |   *Vc->datos = calloc(n,sizeof(int));
      |              ^
cc1: all warnings being treated as errors
Compilation failed
8829438
Fri 17 Mar 2023 11:54:59 AM UTC: 
 exercises.c | 2 +-
 1 file changed, 1 insertion(+), 1 deletion(-)
In file included from test.c:5:
exercises.c: In function ‘crearVector’:
exercises.c:87:5: error: expected ‘(’ before ‘*’ token
   87 |   if*Vc == NULL)
      |     ^
      |     (
exercises.c:87:5: error: statement with no effect [-Werror=unused-value]
   87 |   if*Vc == NULL)
      |     ^~~
exercises.c:87:3: error: this ‘if’ clause does not guard... [-Werror=misleading-indentation]
   87 |   if*Vc == NULL)
      |   ^~
exercises.c:87:16: note: ...this statement, but the latter is misleadingly indented as if it were guarded by the ‘if’
   87 |   if*Vc == NULL)
      |                ^
exercises.c:87:16: error: expected statement before ‘)’ token
exercises.c:91:14: error: assignment to ‘int’ from ‘void *’ makes integer from pointer without a cast [-Werror=int-conversion]
   91 |   *Vc->datos = calloc(n,sizeof(int));
      |              ^
cc1: all warnings being treated as errors
Compilation failed
a469b6f
Fri 17 Mar 2023 11:55:03 AM UTC: 
 exercises.c | 2 +-
 1 file changed, 1 insertion(+), 1 deletion(-)
In file included from test.c:5:
exercises.c: In function ‘crearVector’:
exercises.c:87:5: error: expected ‘(’ before ‘*’ token
   87 |   if*Vc == NULL)
      |     ^
      |     (
exercises.c:87:5: error: statement with no effect [-Werror=unused-value]
   87 |   if*Vc == NULL)
      |     ^~~
exercises.c:87:3: error: this ‘if’ clause does not guard... [-Werror=misleading-indentation]
   87 |   if*Vc == NULL)
      |   ^~
exercises.c:87:16: note: ...this statement, but the latter is misleadingly indented as if it were guarded by the ‘if’
   87 |   if*Vc == NULL)
      |                ^
exercises.c:87:16: error: expected statement before ‘)’ token
cc1: all warnings being treated as errors
Compilation failed
6cf60b1
Fri 17 Mar 2023 11:55:22 AM UTC: 
 exercises.c | 2 +-
 1 file changed, 1 insertion(+), 1 deletion(-)
 tests:  3|4
total_score: 30/70
fed9037
